<?xml version="1.0" encoding="UTF-8"?>
<testsuite xmlns:xsi="http://www.w3.org/2001/XMLSchema-instance" xsi:noNamespaceSchemaLocation="https://maven.apache.org/surefire/maven-surefire-plugin/xsd/surefire-test-report-3.0.xsd" version="3.0" name="com.microrecetas.usuarios.service.RecetaServiceTest" time="0.242" tests="8" errors="0" skipped="0" failures="0">
  <properties>
    <property name="sonar.projectName" value="&apos;api-usuarios&apos;"/>
    <property name="java.specification.version" value="17"/>
    <property name="sun.cpu.isalist" value="amd64"/>
    <property name="sonar.host.url" value="http://localhost:9000"/>
    <property name="sun.jnu.encoding" value="Cp1252"/>
    <property name="java.class.path" value="C:\SeguridadCalidad\Semana5\usuarios-main\target\test-classes;C:\SeguridadCalidad\Semana5\usuarios-main\target\classes;C:\Users\Dario\.m2\repository\org\springframework\boot\spring-boot-starter-data-jpa\3.3.5\spring-boot-starter-data-jpa-3.3.5.jar;C:\Users\Dario\.m2\repository\org\springframework\boot\spring-boot-starter-aop\3.3.5\spring-boot-starter-aop-3.3.5.jar;C:\Users\Dario\.m2\repository\org\aspectj\aspectjweaver\1.9.22.1\aspectjweaver-1.9.22.1.jar;C:\Users\Dario\.m2\repository\org\springframework\boot\spring-boot-starter-jdbc\3.3.5\spring-boot-starter-jdbc-3.3.5.jar;C:\Users\Dario\.m2\repository\com\zaxxer\HikariCP\5.1.0\HikariCP-5.1.0.jar;C:\Users\Dario\.m2\repository\org\springframework\spring-jdbc\6.1.14\spring-jdbc-6.1.14.jar;C:\Users\Dario\.m2\repository\org\hibernate\orm\hibernate-core\6.5.3.Final\hibernate-core-6.5.3.Final.jar;C:\Users\Dario\.m2\repository\jakarta\persistence\jakarta.persistence-api\3.1.0\jakarta.persistence-api-3.1.0.jar;C:\Users\Dario\.m2\repository\jakarta\transaction\jakarta.transaction-api\2.0.1\jakarta.transaction-api-2.0.1.jar;C:\Users\Dario\.m2\repository\org\jboss\logging\jboss-logging\3.5.3.Final\jboss-logging-3.5.3.Final.jar;C:\Users\Dario\.m2\repository\org\hibernate\common\hibernate-commons-annotations\6.0.6.Final\hibernate-commons-annotations-6.0.6.Final.jar;C:\Users\Dario\.m2\repository\io\smallrye\jandex\3.1.2\jandex-3.1.2.jar;C:\Users\Dario\.m2\repository\com\fasterxml\classmate\1.7.0\classmate-1.7.0.jar;C:\Users\Dario\.m2\repository\org\glassfish\jaxb\jaxb-runtime\4.0.5\jaxb-runtime-4.0.5.jar;C:\Users\Dario\.m2\repository\org\glassfish\jaxb\jaxb-core\4.0.5\jaxb-core-4.0.5.jar;C:\Users\Dario\.m2\repository\org\eclipse\angus\angus-activation\2.0.2\angus-activation-2.0.2.jar;C:\Users\Dario\.m2\repository\org\glassfish\jaxb\txw2\4.0.5\txw2-4.0.5.jar;C:\Users\Dario\.m2\repository\com\sun\istack\istack-commons-runtime\4.1.2\istack-commons-runtime-4.1.2.jar;C:\Users\Dario\.m2\repository\jakarta\inject\jakarta.inject-api\2.0.1\jakarta.inject-api-2.0.1.jar;C:\Users\Dario\.m2\repository\org\antlr\antlr4-runtime\4.13.0\antlr4-runtime-4.13.0.jar;C:\Users\Dario\.m2\repository\org\springframework\data\spring-data-jpa\3.3.5\spring-data-jpa-3.3.5.jar;C:\Users\Dario\.m2\repository\org\springframework\data\spring-data-commons\3.3.5\spring-data-commons-3.3.5.jar;C:\Users\Dario\.m2\repository\org\springframework\spring-orm\6.1.14\spring-orm-6.1.14.jar;C:\Users\Dario\.m2\repository\org\springframework\spring-context\6.1.14\spring-context-6.1.14.jar;C:\Users\Dario\.m2\repository\org\springframework\spring-tx\6.1.14\spring-tx-6.1.14.jar;C:\Users\Dario\.m2\repository\org\springframework\spring-beans\6.1.14\spring-beans-6.1.14.jar;C:\Users\Dario\.m2\repository\jakarta\annotation\jakarta.annotation-api\2.1.1\jakarta.annotation-api-2.1.1.jar;C:\Users\Dario\.m2\repository\org\springframework\spring-aspects\6.1.14\spring-aspects-6.1.14.jar;C:\Users\Dario\.m2\repository\org\springframework\boot\spring-boot-starter-security\3.3.5\spring-boot-starter-security-3.3.5.jar;C:\Users\Dario\.m2\repository\org\springframework\boot\spring-boot-starter\3.3.5\spring-boot-starter-3.3.5.jar;C:\Users\Dario\.m2\repository\org\springframework\boot\spring-boot-starter-logging\3.3.5\spring-boot-starter-logging-3.3.5.jar;C:\Users\Dario\.m2\repository\ch\qos\logback\logback-classic\1.5.11\logback-classic-1.5.11.jar;C:\Users\Dario\.m2\repository\ch\qos\logback\logback-core\1.5.11\logback-core-1.5.11.jar;C:\Users\Dario\.m2\repository\org\apache\logging\log4j\log4j-to-slf4j\2.23.1\log4j-to-slf4j-2.23.1.jar;C:\Users\Dario\.m2\repository\org\apache\logging\log4j\log4j-api\2.23.1\log4j-api-2.23.1.jar;C:\Users\Dario\.m2\repository\org\slf4j\jul-to-slf4j\2.0.16\jul-to-slf4j-2.0.16.jar;C:\Users\Dario\.m2\repository\org\yaml\snakeyaml\2.2\snakeyaml-2.2.jar;C:\Users\Dario\.m2\repository\org\springframework\spring-aop\6.1.14\spring-aop-6.1.14.jar;C:\Users\Dario\.m2\repository\org\springframework\security\spring-security-config\6.3.4\spring-security-config-6.3.4.jar;C:\Users\Dario\.m2\repository\org\springframework\security\spring-security-web\6.3.4\spring-security-web-6.3.4.jar;C:\Users\Dario\.m2\repository\org\springframework\spring-expression\6.1.14\spring-expression-6.1.14.jar;C:\Users\Dario\.m2\repository\org\springframework\boot\spring-boot-starter-thymeleaf\3.3.5\spring-boot-starter-thymeleaf-3.3.5.jar;C:\Users\Dario\.m2\repository\org\thymeleaf\thymeleaf-spring6\3.1.2.RELEASE\thymeleaf-spring6-3.1.2.RELEASE.jar;C:\Users\Dario\.m2\repository\org\thymeleaf\thymeleaf\3.1.2.RELEASE\thymeleaf-3.1.2.RELEASE.jar;C:\Users\Dario\.m2\repository\org\attoparser\attoparser\2.0.7.RELEASE\attoparser-2.0.7.RELEASE.jar;C:\Users\Dario\.m2\repository\org\unbescape\unbescape\1.1.6.RELEASE\unbescape-1.1.6.RELEASE.jar;C:\Users\Dario\.m2\repository\org\springframework\boot\spring-boot-starter-web\3.3.5\spring-boot-starter-web-3.3.5.jar;C:\Users\Dario\.m2\repository\org\springframework\boot\spring-boot-starter-json\3.3.5\spring-boot-starter-json-3.3.5.jar;C:\Users\Dario\.m2\repository\com\fasterxml\jackson\datatype\jackson-datatype-jdk8\2.17.2\jackson-datatype-jdk8-2.17.2.jar;C:\Users\Dario\.m2\repository\com\fasterxml\jackson\datatype\jackson-datatype-jsr310\2.17.2\jackson-datatype-jsr310-2.17.2.jar;C:\Users\Dario\.m2\repository\com\fasterxml\jackson\module\jackson-module-parameter-names\2.17.2\jackson-module-parameter-names-2.17.2.jar;C:\Users\Dario\.m2\repository\org\springframework\boot\spring-boot-starter-tomcat\3.3.5\spring-boot-starter-tomcat-3.3.5.jar;C:\Users\Dario\.m2\repository\org\apache\tomcat\embed\tomcat-embed-core\10.1.31\tomcat-embed-core-10.1.31.jar;C:\Users\Dario\.m2\repository\org\apache\tomcat\embed\tomcat-embed-el\10.1.31\tomcat-embed-el-10.1.31.jar;C:\Users\Dario\.m2\repository\org\apache\tomcat\embed\tomcat-embed-websocket\10.1.31\tomcat-embed-websocket-10.1.31.jar;C:\Users\Dario\.m2\repository\org\springframework\spring-web\6.1.14\spring-web-6.1.14.jar;C:\Users\Dario\.m2\repository\io\micrometer\micrometer-observation\1.13.6\micrometer-observation-1.13.6.jar;C:\Users\Dario\.m2\repository\io\micrometer\micrometer-commons\1.13.6\micrometer-commons-1.13.6.jar;C:\Users\Dario\.m2\repository\org\springframework\spring-webmvc\6.1.14\spring-webmvc-6.1.14.jar;C:\Users\Dario\.m2\repository\org\thymeleaf\extras\thymeleaf-extras-springsecurity6\3.1.2.RELEASE\thymeleaf-extras-springsecurity6-3.1.2.RELEASE.jar;C:\Users\Dario\.m2\repository\org\slf4j\slf4j-api\2.0.16\slf4j-api-2.0.16.jar;C:\Users\Dario\.m2\repository\org\springframework\boot\spring-boot-devtools\3.3.5\spring-boot-devtools-3.3.5.jar;C:\Users\Dario\.m2\repository\org\springframework\boot\spring-boot\3.3.5\spring-boot-3.3.5.jar;C:\Users\Dario\.m2\repository\org\springframework\boot\spring-boot-autoconfigure\3.3.5\spring-boot-autoconfigure-3.3.5.jar;C:\Users\Dario\.m2\repository\com\oracle\database\jdbc\ucp11\21.9.0.0\ucp11-21.9.0.0.jar;C:\Users\Dario\.m2\repository\com\oracle\database\jdbc\rsi\21.9.0.0\rsi-21.9.0.0.jar;C:\Users\Dario\.m2\repository\com\oracle\database\ha\simplefan\21.9.0.0\simplefan-21.9.0.0.jar;C:\Users\Dario\.m2\repository\com\oracle\database\ha\ons\21.9.0.0\ons-21.9.0.0.jar;C:\Users\Dario\.m2\repository\com\oracle\database\nls\orai18n\21.9.0.0\orai18n-21.9.0.0.jar;C:\Users\Dario\.m2\repository\com\oracle\database\xml\xdb\21.9.0.0\xdb-21.9.0.0.jar;C:\Users\Dario\.m2\repository\com\oracle\database\xml\xmlparserv2\21.9.0.0\xmlparserv2-21.9.0.0.jar;C:\Users\Dario\.m2\repository\com\oracle\database\security\oraclepki\21.5.0.0\oraclepki-21.5.0.0.jar;C:\Users\Dario\.m2\repository\com\oracle\database\security\osdt_cert\21.5.0.0\osdt_cert-21.5.0.0.jar;C:\Users\Dario\.m2\repository\com\oracle\database\security\osdt_core\21.5.0.0\osdt_core-21.5.0.0.jar;C:\Users\Dario\.m2\repository\com\oracle\database\jdbc\ojdbc11\21.5.0.0\ojdbc11-21.5.0.0.jar;C:\Users\Dario\.m2\repository\org\projectlombok\lombok\1.18.34\lombok-1.18.34.jar;C:\Users\Dario\.m2\repository\org\springframework\boot\spring-boot-starter-test\3.3.5\spring-boot-starter-test-3.3.5.jar;C:\Users\Dario\.m2\repository\org\springframework\boot\spring-boot-test\3.3.5\spring-boot-test-3.3.5.jar;C:\Users\Dario\.m2\repository\org\springframework\boot\spring-boot-test-autoconfigure\3.3.5\spring-boot-test-autoconfigure-3.3.5.jar;C:\Users\Dario\.m2\repository\com\jayway\jsonpath\json-path\2.9.0\json-path-2.9.0.jar;C:\Users\Dario\.m2\repository\jakarta\xml\bind\jakarta.xml.bind-api\4.0.2\jakarta.xml.bind-api-4.0.2.jar;C:\Users\Dario\.m2\repository\jakarta\activation\jakarta.activation-api\2.1.3\jakarta.activation-api-2.1.3.jar;C:\Users\Dario\.m2\repository\net\minidev\json-smart\2.5.1\json-smart-2.5.1.jar;C:\Users\Dario\.m2\repository\net\minidev\accessors-smart\2.5.1\accessors-smart-2.5.1.jar;C:\Users\Dario\.m2\repository\org\ow2\asm\asm\9.6\asm-9.6.jar;C:\Users\Dario\.m2\repository\org\assertj\assertj-core\3.25.3\assertj-core-3.25.3.jar;C:\Users\Dario\.m2\repository\org\awaitility\awaitility\4.2.2\awaitility-4.2.2.jar;C:\Users\Dario\.m2\repository\org\hamcrest\hamcrest\2.2\hamcrest-2.2.jar;C:\Users\Dario\.m2\repository\org\junit\jupiter\junit-jupiter\5.10.5\junit-jupiter-5.10.5.jar;C:\Users\Dario\.m2\repository\org\junit\jupiter\junit-jupiter-params\5.10.5\junit-jupiter-params-5.10.5.jar;C:\Users\Dario\.m2\repository\org\junit\jupiter\junit-jupiter-engine\5.10.5\junit-jupiter-engine-5.10.5.jar;C:\Users\Dario\.m2\repository\org\junit\platform\junit-platform-engine\1.10.5\junit-platform-engine-1.10.5.jar;C:\Users\Dario\.m2\repository\org\skyscreamer\jsonassert\1.5.3\jsonassert-1.5.3.jar;C:\Users\Dario\.m2\repository\com\vaadin\external\google\android-json\0.0.20131108.vaadin1\android-json-0.0.20131108.vaadin1.jar;C:\Users\Dario\.m2\repository\org\springframework\spring-core\6.1.14\spring-core-6.1.14.jar;C:\Users\Dario\.m2\repository\org\springframework\spring-jcl\6.1.14\spring-jcl-6.1.14.jar;C:\Users\Dario\.m2\repository\org\springframework\spring-test\6.1.14\spring-test-6.1.14.jar;C:\Users\Dario\.m2\repository\org\xmlunit\xmlunit-core\2.9.1\xmlunit-core-2.9.1.jar;C:\Users\Dario\.m2\repository\org\springframework\security\spring-security-test\6.3.4\spring-security-test-6.3.4.jar;C:\Users\Dario\.m2\repository\org\springframework\security\spring-security-core\6.3.4\spring-security-core-6.3.4.jar;C:\Users\Dario\.m2\repository\org\springframework\security\spring-security-crypto\6.3.4\spring-security-crypto-6.3.4.jar;C:\Users\Dario\.m2\repository\io\jsonwebtoken\jjwt-api\0.11.5\jjwt-api-0.11.5.jar;C:\Users\Dario\.m2\repository\io\jsonwebtoken\jjwt-impl\0.11.5\jjwt-impl-0.11.5.jar;C:\Users\Dario\.m2\repository\io\jsonwebtoken\jjwt-jackson\0.11.5\jjwt-jackson-0.11.5.jar;C:\Users\Dario\.m2\repository\com\fasterxml\jackson\core\jackson-databind\2.17.2\jackson-databind-2.17.2.jar;C:\Users\Dario\.m2\repository\com\fasterxml\jackson\core\jackson-annotations\2.17.2\jackson-annotations-2.17.2.jar;C:\Users\Dario\.m2\repository\com\fasterxml\jackson\core\jackson-core\2.17.2\jackson-core-2.17.2.jar;C:\Users\Dario\.m2\repository\org\mockito\mockito-core\5.11.0\mockito-core-5.11.0.jar;C:\Users\Dario\.m2\repository\net\bytebuddy\byte-buddy\1.14.19\byte-buddy-1.14.19.jar;C:\Users\Dario\.m2\repository\net\bytebuddy\byte-buddy-agent\1.14.19\byte-buddy-agent-1.14.19.jar;C:\Users\Dario\.m2\repository\org\objenesis\objenesis\3.3\objenesis-3.3.jar;C:\Users\Dario\.m2\repository\org\mockito\mockito-junit-jupiter\5.11.0\mockito-junit-jupiter-5.11.0.jar;C:\Users\Dario\.m2\repository\org\junit\jupiter\junit-jupiter-api\5.10.5\junit-jupiter-api-5.10.5.jar;C:\Users\Dario\.m2\repository\org\opentest4j\opentest4j\1.3.0\opentest4j-1.3.0.jar;C:\Users\Dario\.m2\repository\org\junit\platform\junit-platform-commons\1.10.5\junit-platform-commons-1.10.5.jar;C:\Users\Dario\.m2\repository\org\apiguardian\apiguardian-api\1.1.2\apiguardian-api-1.1.2.jar;"/>
    <property name="java.vm.vendor" value="Oracle Corporation"/>
    <property name="sun.arch.data.model" value="64"/>
    <property name="user.variant" value=""/>
    <property name="java.vendor.url" value="https://java.oracle.com/"/>
    <property name="user.timezone" value="America/Santiago"/>
    <property name="org.jboss.logging.provider" value="slf4j"/>
    <property name="os.name" value="Windows 10"/>
    <property name="java.vm.specification.version" value="17"/>
    <property name="sun.java.launcher" value="SUN_STANDARD"/>
    <property name="user.country" value="419"/>
    <property name="sun.boot.library.path" value="C:\Program Files\Java\jdk-17\bin"/>
    <property name="sun.java.command" value="C:\Users\Dario\AppData\Local\Temp\surefire16156950039718768378\surefirebooter-20241209180754362_3.jar C:\Users\Dario\AppData\Local\Temp\surefire16156950039718768378 2024-12-09T18-07-54_205-jvmRun1 surefire-20241209180754362_1tmp surefire_0-20241209180754362_2tmp"/>
    <property name="jdk.debug" value="release"/>
    <property name="surefire.test.class.path" value="C:\SeguridadCalidad\Semana5\usuarios-main\target\test-classes;C:\SeguridadCalidad\Semana5\usuarios-main\target\classes;C:\Users\Dario\.m2\repository\org\springframework\boot\spring-boot-starter-data-jpa\3.3.5\spring-boot-starter-data-jpa-3.3.5.jar;C:\Users\Dario\.m2\repository\org\springframework\boot\spring-boot-starter-aop\3.3.5\spring-boot-starter-aop-3.3.5.jar;C:\Users\Dario\.m2\repository\org\aspectj\aspectjweaver\1.9.22.1\aspectjweaver-1.9.22.1.jar;C:\Users\Dario\.m2\repository\org\springframework\boot\spring-boot-starter-jdbc\3.3.5\spring-boot-starter-jdbc-3.3.5.jar;C:\Users\Dario\.m2\repository\com\zaxxer\HikariCP\5.1.0\HikariCP-5.1.0.jar;C:\Users\Dario\.m2\repository\org\springframework\spring-jdbc\6.1.14\spring-jdbc-6.1.14.jar;C:\Users\Dario\.m2\repository\org\hibernate\orm\hibernate-core\6.5.3.Final\hibernate-core-6.5.3.Final.jar;C:\Users\Dario\.m2\repository\jakarta\persistence\jakarta.persistence-api\3.1.0\jakarta.persistence-api-3.1.0.jar;C:\Users\Dario\.m2\repository\jakarta\transaction\jakarta.transaction-api\2.0.1\jakarta.transaction-api-2.0.1.jar;C:\Users\Dario\.m2\repository\org\jboss\logging\jboss-logging\3.5.3.Final\jboss-logging-3.5.3.Final.jar;C:\Users\Dario\.m2\repository\org\hibernate\common\hibernate-commons-annotations\6.0.6.Final\hibernate-commons-annotations-6.0.6.Final.jar;C:\Users\Dario\.m2\repository\io\smallrye\jandex\3.1.2\jandex-3.1.2.jar;C:\Users\Dario\.m2\repository\com\fasterxml\classmate\1.7.0\classmate-1.7.0.jar;C:\Users\Dario\.m2\repository\org\glassfish\jaxb\jaxb-runtime\4.0.5\jaxb-runtime-4.0.5.jar;C:\Users\Dario\.m2\repository\org\glassfish\jaxb\jaxb-core\4.0.5\jaxb-core-4.0.5.jar;C:\Users\Dario\.m2\repository\org\eclipse\angus\angus-activation\2.0.2\angus-activation-2.0.2.jar;C:\Users\Dario\.m2\repository\org\glassfish\jaxb\txw2\4.0.5\txw2-4.0.5.jar;C:\Users\Dario\.m2\repository\com\sun\istack\istack-commons-runtime\4.1.2\istack-commons-runtime-4.1.2.jar;C:\Users\Dario\.m2\repository\jakarta\inject\jakarta.inject-api\2.0.1\jakarta.inject-api-2.0.1.jar;C:\Users\Dario\.m2\repository\org\antlr\antlr4-runtime\4.13.0\antlr4-runtime-4.13.0.jar;C:\Users\Dario\.m2\repository\org\springframework\data\spring-data-jpa\3.3.5\spring-data-jpa-3.3.5.jar;C:\Users\Dario\.m2\repository\org\springframework\data\spring-data-commons\3.3.5\spring-data-commons-3.3.5.jar;C:\Users\Dario\.m2\repository\org\springframework\spring-orm\6.1.14\spring-orm-6.1.14.jar;C:\Users\Dario\.m2\repository\org\springframework\spring-context\6.1.14\spring-context-6.1.14.jar;C:\Users\Dario\.m2\repository\org\springframework\spring-tx\6.1.14\spring-tx-6.1.14.jar;C:\Users\Dario\.m2\repository\org\springframework\spring-beans\6.1.14\spring-beans-6.1.14.jar;C:\Users\Dario\.m2\repository\jakarta\annotation\jakarta.annotation-api\2.1.1\jakarta.annotation-api-2.1.1.jar;C:\Users\Dario\.m2\repository\org\springframework\spring-aspects\6.1.14\spring-aspects-6.1.14.jar;C:\Users\Dario\.m2\repository\org\springframework\boot\spring-boot-starter-security\3.3.5\spring-boot-starter-security-3.3.5.jar;C:\Users\Dario\.m2\repository\org\springframework\boot\spring-boot-starter\3.3.5\spring-boot-starter-3.3.5.jar;C:\Users\Dario\.m2\repository\org\springframework\boot\spring-boot-starter-logging\3.3.5\spring-boot-starter-logging-3.3.5.jar;C:\Users\Dario\.m2\repository\ch\qos\logback\logback-classic\1.5.11\logback-classic-1.5.11.jar;C:\Users\Dario\.m2\repository\ch\qos\logback\logback-core\1.5.11\logback-core-1.5.11.jar;C:\Users\Dario\.m2\repository\org\apache\logging\log4j\log4j-to-slf4j\2.23.1\log4j-to-slf4j-2.23.1.jar;C:\Users\Dario\.m2\repository\org\apache\logging\log4j\log4j-api\2.23.1\log4j-api-2.23.1.jar;C:\Users\Dario\.m2\repository\org\slf4j\jul-to-slf4j\2.0.16\jul-to-slf4j-2.0.16.jar;C:\Users\Dario\.m2\repository\org\yaml\snakeyaml\2.2\snakeyaml-2.2.jar;C:\Users\Dario\.m2\repository\org\springframework\spring-aop\6.1.14\spring-aop-6.1.14.jar;C:\Users\Dario\.m2\repository\org\springframework\security\spring-security-config\6.3.4\spring-security-config-6.3.4.jar;C:\Users\Dario\.m2\repository\org\springframework\security\spring-security-web\6.3.4\spring-security-web-6.3.4.jar;C:\Users\Dario\.m2\repository\org\springframework\spring-expression\6.1.14\spring-expression-6.1.14.jar;C:\Users\Dario\.m2\repository\org\springframework\boot\spring-boot-starter-thymeleaf\3.3.5\spring-boot-starter-thymeleaf-3.3.5.jar;C:\Users\Dario\.m2\repository\org\thymeleaf\thymeleaf-spring6\3.1.2.RELEASE\thymeleaf-spring6-3.1.2.RELEASE.jar;C:\Users\Dario\.m2\repository\org\thymeleaf\thymeleaf\3.1.2.RELEASE\thymeleaf-3.1.2.RELEASE.jar;C:\Users\Dario\.m2\repository\org\attoparser\attoparser\2.0.7.RELEASE\attoparser-2.0.7.RELEASE.jar;C:\Users\Dario\.m2\repository\org\unbescape\unbescape\1.1.6.RELEASE\unbescape-1.1.6.RELEASE.jar;C:\Users\Dario\.m2\repository\org\springframework\boot\spring-boot-starter-web\3.3.5\spring-boot-starter-web-3.3.5.jar;C:\Users\Dario\.m2\repository\org\springframework\boot\spring-boot-starter-json\3.3.5\spring-boot-starter-json-3.3.5.jar;C:\Users\Dario\.m2\repository\com\fasterxml\jackson\datatype\jackson-datatype-jdk8\2.17.2\jackson-datatype-jdk8-2.17.2.jar;C:\Users\Dario\.m2\repository\com\fasterxml\jackson\datatype\jackson-datatype-jsr310\2.17.2\jackson-datatype-jsr310-2.17.2.jar;C:\Users\Dario\.m2\repository\com\fasterxml\jackson\module\jackson-module-parameter-names\2.17.2\jackson-module-parameter-names-2.17.2.jar;C:\Users\Dario\.m2\repository\org\springframework\boot\spring-boot-starter-tomcat\3.3.5\spring-boot-starter-tomcat-3.3.5.jar;C:\Users\Dario\.m2\repository\org\apache\tomcat\embed\tomcat-embed-core\10.1.31\tomcat-embed-core-10.1.31.jar;C:\Users\Dario\.m2\repository\org\apache\tomcat\embed\tomcat-embed-el\10.1.31\tomcat-embed-el-10.1.31.jar;C:\Users\Dario\.m2\repository\org\apache\tomcat\embed\tomcat-embed-websocket\10.1.31\tomcat-embed-websocket-10.1.31.jar;C:\Users\Dario\.m2\repository\org\springframework\spring-web\6.1.14\spring-web-6.1.14.jar;C:\Users\Dario\.m2\repository\io\micrometer\micrometer-observation\1.13.6\micrometer-observation-1.13.6.jar;C:\Users\Dario\.m2\repository\io\micrometer\micrometer-commons\1.13.6\micrometer-commons-1.13.6.jar;C:\Users\Dario\.m2\repository\org\springframework\spring-webmvc\6.1.14\spring-webmvc-6.1.14.jar;C:\Users\Dario\.m2\repository\org\thymeleaf\extras\thymeleaf-extras-springsecurity6\3.1.2.RELEASE\thymeleaf-extras-springsecurity6-3.1.2.RELEASE.jar;C:\Users\Dario\.m2\repository\org\slf4j\slf4j-api\2.0.16\slf4j-api-2.0.16.jar;C:\Users\Dario\.m2\repository\org\springframework\boot\spring-boot-devtools\3.3.5\spring-boot-devtools-3.3.5.jar;C:\Users\Dario\.m2\repository\org\springframework\boot\spring-boot\3.3.5\spring-boot-3.3.5.jar;C:\Users\Dario\.m2\repository\org\springframework\boot\spring-boot-autoconfigure\3.3.5\spring-boot-autoconfigure-3.3.5.jar;C:\Users\Dario\.m2\repository\com\oracle\database\jdbc\ucp11\21.9.0.0\ucp11-21.9.0.0.jar;C:\Users\Dario\.m2\repository\com\oracle\database\jdbc\rsi\21.9.0.0\rsi-21.9.0.0.jar;C:\Users\Dario\.m2\repository\com\oracle\database\ha\simplefan\21.9.0.0\simplefan-21.9.0.0.jar;C:\Users\Dario\.m2\repository\com\oracle\database\ha\ons\21.9.0.0\ons-21.9.0.0.jar;C:\Users\Dario\.m2\repository\com\oracle\database\nls\orai18n\21.9.0.0\orai18n-21.9.0.0.jar;C:\Users\Dario\.m2\repository\com\oracle\database\xml\xdb\21.9.0.0\xdb-21.9.0.0.jar;C:\Users\Dario\.m2\repository\com\oracle\database\xml\xmlparserv2\21.9.0.0\xmlparserv2-21.9.0.0.jar;C:\Users\Dario\.m2\repository\com\oracle\database\security\oraclepki\21.5.0.0\oraclepki-21.5.0.0.jar;C:\Users\Dario\.m2\repository\com\oracle\database\security\osdt_cert\21.5.0.0\osdt_cert-21.5.0.0.jar;C:\Users\Dario\.m2\repository\com\oracle\database\security\osdt_core\21.5.0.0\osdt_core-21.5.0.0.jar;C:\Users\Dario\.m2\repository\com\oracle\database\jdbc\ojdbc11\21.5.0.0\ojdbc11-21.5.0.0.jar;C:\Users\Dario\.m2\repository\org\projectlombok\lombok\1.18.34\lombok-1.18.34.jar;C:\Users\Dario\.m2\repository\org\springframework\boot\spring-boot-starter-test\3.3.5\spring-boot-starter-test-3.3.5.jar;C:\Users\Dario\.m2\repository\org\springframework\boot\spring-boot-test\3.3.5\spring-boot-test-3.3.5.jar;C:\Users\Dario\.m2\repository\org\springframework\boot\spring-boot-test-autoconfigure\3.3.5\spring-boot-test-autoconfigure-3.3.5.jar;C:\Users\Dario\.m2\repository\com\jayway\jsonpath\json-path\2.9.0\json-path-2.9.0.jar;C:\Users\Dario\.m2\repository\jakarta\xml\bind\jakarta.xml.bind-api\4.0.2\jakarta.xml.bind-api-4.0.2.jar;C:\Users\Dario\.m2\repository\jakarta\activation\jakarta.activation-api\2.1.3\jakarta.activation-api-2.1.3.jar;C:\Users\Dario\.m2\repository\net\minidev\json-smart\2.5.1\json-smart-2.5.1.jar;C:\Users\Dario\.m2\repository\net\minidev\accessors-smart\2.5.1\accessors-smart-2.5.1.jar;C:\Users\Dario\.m2\repository\org\ow2\asm\asm\9.6\asm-9.6.jar;C:\Users\Dario\.m2\repository\org\assertj\assertj-core\3.25.3\assertj-core-3.25.3.jar;C:\Users\Dario\.m2\repository\org\awaitility\awaitility\4.2.2\awaitility-4.2.2.jar;C:\Users\Dario\.m2\repository\org\hamcrest\hamcrest\2.2\hamcrest-2.2.jar;C:\Users\Dario\.m2\repository\org\junit\jupiter\junit-jupiter\5.10.5\junit-jupiter-5.10.5.jar;C:\Users\Dario\.m2\repository\org\junit\jupiter\junit-jupiter-params\5.10.5\junit-jupiter-params-5.10.5.jar;C:\Users\Dario\.m2\repository\org\junit\jupiter\junit-jupiter-engine\5.10.5\junit-jupiter-engine-5.10.5.jar;C:\Users\Dario\.m2\repository\org\junit\platform\junit-platform-engine\1.10.5\junit-platform-engine-1.10.5.jar;C:\Users\Dario\.m2\repository\org\skyscreamer\jsonassert\1.5.3\jsonassert-1.5.3.jar;C:\Users\Dario\.m2\repository\com\vaadin\external\google\android-json\0.0.20131108.vaadin1\android-json-0.0.20131108.vaadin1.jar;C:\Users\Dario\.m2\repository\org\springframework\spring-core\6.1.14\spring-core-6.1.14.jar;C:\Users\Dario\.m2\repository\org\springframework\spring-jcl\6.1.14\spring-jcl-6.1.14.jar;C:\Users\Dario\.m2\repository\org\springframework\spring-test\6.1.14\spring-test-6.1.14.jar;C:\Users\Dario\.m2\repository\org\xmlunit\xmlunit-core\2.9.1\xmlunit-core-2.9.1.jar;C:\Users\Dario\.m2\repository\org\springframework\security\spring-security-test\6.3.4\spring-security-test-6.3.4.jar;C:\Users\Dario\.m2\repository\org\springframework\security\spring-security-core\6.3.4\spring-security-core-6.3.4.jar;C:\Users\Dario\.m2\repository\org\springframework\security\spring-security-crypto\6.3.4\spring-security-crypto-6.3.4.jar;C:\Users\Dario\.m2\repository\io\jsonwebtoken\jjwt-api\0.11.5\jjwt-api-0.11.5.jar;C:\Users\Dario\.m2\repository\io\jsonwebtoken\jjwt-impl\0.11.5\jjwt-impl-0.11.5.jar;C:\Users\Dario\.m2\repository\io\jsonwebtoken\jjwt-jackson\0.11.5\jjwt-jackson-0.11.5.jar;C:\Users\Dario\.m2\repository\com\fasterxml\jackson\core\jackson-databind\2.17.2\jackson-databind-2.17.2.jar;C:\Users\Dario\.m2\repository\com\fasterxml\jackson\core\jackson-annotations\2.17.2\jackson-annotations-2.17.2.jar;C:\Users\Dario\.m2\repository\com\fasterxml\jackson\core\jackson-core\2.17.2\jackson-core-2.17.2.jar;C:\Users\Dario\.m2\repository\org\mockito\mockito-core\5.11.0\mockito-core-5.11.0.jar;C:\Users\Dario\.m2\repository\net\bytebuddy\byte-buddy\1.14.19\byte-buddy-1.14.19.jar;C:\Users\Dario\.m2\repository\net\bytebuddy\byte-buddy-agent\1.14.19\byte-buddy-agent-1.14.19.jar;C:\Users\Dario\.m2\repository\org\objenesis\objenesis\3.3\objenesis-3.3.jar;C:\Users\Dario\.m2\repository\org\mockito\mockito-junit-jupiter\5.11.0\mockito-junit-jupiter-5.11.0.jar;C:\Users\Dario\.m2\repository\org\junit\jupiter\junit-jupiter-api\5.10.5\junit-jupiter-api-5.10.5.jar;C:\Users\Dario\.m2\repository\org\opentest4j\opentest4j\1.3.0\opentest4j-1.3.0.jar;C:\Users\Dario\.m2\repository\org\junit\platform\junit-platform-commons\1.10.5\junit-platform-commons-1.10.5.jar;C:\Users\Dario\.m2\repository\org\apiguardian\apiguardian-api\1.1.2\apiguardian-api-1.1.2.jar;"/>
    <property name="sun.cpu.endian" value="little"/>
    <property name="user.home" value="C:\Users\Dario"/>
    <property name="user.language" value="es"/>
    <property name="java.specification.vendor" value="Oracle Corporation"/>
    <property name="java.version.date" value="2024-10-15"/>
    <property name="java.home" value="C:\Program Files\Java\jdk-17"/>
    <property name="file.separator" value="\"/>
    <property name="basedir" value="C:\SeguridadCalidad\Semana5\usuarios-main"/>
    <property name="java.vm.compressedOopsMode" value="Zero based"/>
    <property name="line.separator" value="&#10;"/>
    <property name="java.vm.specification.vendor" value="Oracle Corporation"/>
    <property name="java.specification.name" value="Java Platform API Specification"/>
    <property name="FILE_LOG_CHARSET" value="windows-1252"/>
    <property name="java.awt.headless" value="true"/>
    <property name="surefire.real.class.path" value="C:\Users\Dario\AppData\Local\Temp\surefire16156950039718768378\surefirebooter-20241209180754362_3.jar"/>
    <property name="user.script" value=""/>
    <property name="sun.management.compiler" value="HotSpot 64-Bit Tiered Compilers"/>
    <property name="java.runtime.version" value="17.0.13+10-LTS-268"/>
    <property name="user.name" value="Dario"/>
    <property name="path.separator" value=";"/>
    <property name="os.version" value="10.0"/>
    <property name="java.runtime.name" value="Java(TM) SE Runtime Environment"/>
    <property name="file.encoding" value="Cp1252"/>
    <property name="java.vm.name" value="Java HotSpot(TM) 64-Bit Server VM"/>
    <property name="localRepository" value="C:\Users\Dario\.m2\repository"/>
    <property name="java.vendor.url.bug" value="https://bugreport.java.com/bugreport/"/>
    <property name="java.io.tmpdir" value="C:\Users\Dario\AppData\Local\Temp\"/>
    <property name="sonar.token" value="sqp_6ef0e7326e4c4ac089a62aeaf482f515b2556bed"/>
    <property name="com.zaxxer.hikari.pool_number" value="1"/>
    <property name="java.version" value="17.0.13"/>
    <property name="user.dir" value="C:\SeguridadCalidad\Semana5\usuarios-main"/>
    <property name="os.arch" value="amd64"/>
    <property name="java.vm.specification.name" value="Java Virtual Machine Specification"/>
    <property name="PID" value="21736"/>
    <property name="sun.os.patch.level" value=""/>
    <property name="CONSOLE_LOG_CHARSET" value="windows-1252"/>
    <property name="native.encoding" value="Cp1252"/>
    <property name="sonar.projectKey" value="api-usuarios"/>
    <property name="java.library.path" value="C:\Program Files\Java\jdk-17\bin;C:\Windows\Sun\Java\bin;C:\Windows\system32;C:\Windows;C:\Program Files\Common Files\Oracle\Java\javapath;C:\Windows\system32;C:\Windows;C:\Windows\System32\Wbem;C:\Windows\System32\WindowsPowerShell\v1.0\;C:\Windows\System32\OpenSSH\;C:\Program Files\Git\cmd;C:\Program Files\Java\jdk-17\bin;C:\apache-maven-3.9.9\bin;C:\Program Files\Docker\Docker\resources\bin;C:\Program Files\nodejs\;C:\npm-global;C:\npm-global\bin;C:\Program Files\Java\jdk-17;C:\Users\Dario\AppData\Local\Microsoft\WindowsApps;C:\Users\Dario\AppData\Local\Programs\Microsoft VS Code\bin;C:\Users\Dario\AppData\Roaming\npm;."/>
    <property name="java.vm.info" value="mixed mode, sharing"/>
    <property name="java.vendor" value="Oracle Corporation"/>
    <property name="java.vm.version" value="17.0.13+10-LTS-268"/>
    <property name="java.specification.maintenance.version" value="1"/>
    <property name="sun.io.unicode.encoding" value="UnicodeLittle"/>
    <property name="java.class.version" value="61.0"/>
    <property name="LOGGED_APPLICATION_NAME" value="[usuarios] "/>
  </properties>
  <testcase name="testObtenerNombresDeRecetas" classname="com.microrecetas.usuarios.service.RecetaServiceTest" time="0.011">
    <system-out><![CDATA[2024-12-09T18:08:13.815-03:00 DEBUG 21736 --- [usuarios] [           main] .b.t.c.SpringBootTestContextBootstrapper : Neither @ContextConfiguration nor @ContextHierarchy found for test class [RecetaServiceTest]: using SpringBootContextLoader
2024-12-09T18:08:13.818-03:00 DEBUG 21736 --- [usuarios] [           main] o.s.t.c.support.AbstractContextLoader    : Could not detect default resource locations for test class [com.microrecetas.usuarios.service.RecetaServiceTest]: no resource found for suffixes {-context.xml, Context.groovy}.
2024-12-09T18:08:13.818-03:00  INFO 21736 --- [usuarios] [           main] t.c.s.AnnotationConfigContextLoaderUtils : Could not detect default configuration classes for test class [com.microrecetas.usuarios.service.RecetaServiceTest]: RecetaServiceTest does not declare any static, non-private, non-final, nested classes annotated with @Configuration.
2024-12-09T18:08:13.819-03:00 DEBUG 21736 --- [usuarios] [           main] .b.t.c.SpringBootTestContextBootstrapper : Using ContextCustomizerFactory implementations for test class [RecetaServiceTest]: [ImportsContextCustomizerFactory, ExcludeFilterContextCustomizerFactory, HttpGraphQlTesterContextCustomizerFactory, DuplicateJsonObjectContextCustomizerFactory, MockitoContextCustomizerFactory, TestRestTemplateContextCustomizerFactory, WebTestClientContextCustomizerFactory, DisableReactorResourceFactoryGlobalResourcesContextCustomizerFactory, OnFailureConditionReportContextCustomizerFactory, OverrideAutoConfigurationContextCustomizerFactory, ObservabilityContextCustomizerFactory, TypeExcludeFiltersContextCustomizerFactory, PropertyMappingContextCustomizerFactory, WebDriverContextCustomizerFactory, MockServerContainerContextCustomizerFactory, DynamicPropertiesContextCustomizerFactory]
2024-12-09T18:08:13.822-03:00 DEBUG 21736 --- [usuarios] [           main] .b.t.c.SpringBootTestContextBootstrapper : Using ContextCustomizers for test class [RecetaServiceTest]: [ExcludeFilterContextCustomizer, DuplicateJsonObjectContextCustomizer, MockitoContextCustomizer, TestRestTemplateContextCustomizer, DisableReactorResourceFactoryGlobalResourcesContextCustomizerCustomizer, OnFailureConditionReportContextCustomizer, DisableObservabilityContextCustomizer, PropertyMappingContextCustomizer, WebDriverContextCustomizer]
2024-12-09T18:08:13.841-03:00 DEBUG 21736 --- [usuarios] [           main] ssPathScanningCandidateComponentProvider : Identified candidate component class: file [C:\SeguridadCalidad\Semana5\usuarios-main\target\classes\com\microrecetas\usuarios\UsuariosApplication.class]
2024-12-09T18:08:13.842-03:00  INFO 21736 --- [usuarios] [           main] .b.t.c.SpringBootTestContextBootstrapper : Found @SpringBootConfiguration com.microrecetas.usuarios.UsuariosApplication for test class com.microrecetas.usuarios.service.RecetaServiceTest
2024-12-09T18:08:13.844-03:00 DEBUG 21736 --- [usuarios] [           main] .s.t.c.u.TestContextSpringFactoriesUtils : Skipping candidate TestExecutionListener [org.springframework.test.context.observation.MicrometerObservationRegistryTestExecutionListener] due to a missing dependency. Specify custom TestExecutionListener classes or make the default TestExecutionListener classes and their required dependencies available. Offending class: io.micrometer.context.ThreadLocalAccessor. MicrometerObservationRegistryTestExecutionListener requires io.micrometer:micrometer-observation:1.10.8 or higher and io.micrometer:context-propagation:1.0.3 or higher.
2024-12-09T18:08:13.845-03:00 DEBUG 21736 --- [usuarios] [           main] .b.t.c.SpringBootTestContextBootstrapper : Using TestExecutionListeners for test class [RecetaServiceTest]: [ServletTestExecutionListener, DirtiesContextBeforeModesTestExecutionListener, ApplicationEventsTestExecutionListener, MockitoTestExecutionListener, DependencyInjectionTestExecutionListener, DirtiesContextTestExecutionListener, TransactionalTestExecutionListener, SqlScriptsTestExecutionListener, EventPublishingTestExecutionListener, WithSecurityContextTestExecutionListener, ReactorContextTestExecutionListener, ResetMocksTestExecutionListener, RestDocsTestExecutionListener, MockRestServiceServerResetTestExecutionListener, MockMvcPrintOnlyOnFailureTestExecutionListener, WebDriverTestExecutionListener, MockWebServiceServerTestExecutionListener]
2024-12-09T18:08:13.845-03:00 DEBUG 21736 --- [usuarios] [           main] sContextBeforeModesTestExecutionListener : Before test class: class [RecetaServiceTest], class annotated with @DirtiesContext [false] with mode [null]
2024-12-09T18:08:13.846-03:00 DEBUG 21736 --- [usuarios] [           main] org.springframework.test.context.cache   : Spring test ApplicationContext cache statistics: [DefaultContextCache@3e4141cf size = 1, maxSize = 32, parentContextCount = 0, hitCount = 94, missCount = 1, failureCount = 0]
2024-12-09T18:08:13.847-03:00 DEBUG 21736 --- [usuarios] [           main] org.springframework.test.context.cache   : Spring test ApplicationContext cache statistics: [DefaultContextCache@3e4141cf size = 1, maxSize = 32, parentContextCount = 0, hitCount = 95, missCount = 1, failureCount = 0]
2024-12-09T18:08:13.847-03:00 DEBUG 21736 --- [usuarios] [           main] o.s.t.c.w.ServletTestExecutionListener   : Setting up MockHttpServletRequest, MockHttpServletResponse, ServletWebRequest, and RequestContextHolder for test class com.microrecetas.usuarios.service.RecetaServiceTest
2024-12-09T18:08:13.941-03:00 DEBUG 21736 --- [usuarios] [           main] DependencyInjectionTestExecutionListener : Performing dependency injection for test class com.microrecetas.usuarios.service.RecetaServiceTest
2024-12-09T18:08:13.942-03:00 DEBUG 21736 --- [usuarios] [           main] org.springframework.test.context.cache   : Spring test ApplicationContext cache statistics: [DefaultContextCache@3e4141cf size = 1, maxSize = 32, parentContextCount = 0, hitCount = 96, missCount = 1, failureCount = 0]
2024-12-09T18:08:13.942-03:00 DEBUG 21736 --- [usuarios] [           main] org.springframework.test.context.cache   : Spring test ApplicationContext cache statistics: [DefaultContextCache@3e4141cf size = 1, maxSize = 32, parentContextCount = 0, hitCount = 97, missCount = 1, failureCount = 0]
2024-12-09T18:08:13.943-03:00 DEBUG 21736 --- [usuarios] [           main] sContextBeforeModesTestExecutionListener : Before test method: class [RecetaServiceTest], method [testObtenerNombresDeRecetas], class annotated with @DirtiesContext [false] with mode [null], method annotated with @DirtiesContext [false] with mode [null]
2024-12-09T18:08:13.944-03:00 DEBUG 21736 --- [usuarios] [           main] org.springframework.test.context.cache   : Spring test ApplicationContext cache statistics: [DefaultContextCache@3e4141cf size = 1, maxSize = 32, parentContextCount = 0, hitCount = 98, missCount = 1, failureCount = 0]
2024-12-09T18:08:13.944-03:00 DEBUG 21736 --- [usuarios] [           main] org.springframework.test.context.cache   : Spring test ApplicationContext cache statistics: [DefaultContextCache@3e4141cf size = 1, maxSize = 32, parentContextCount = 0, hitCount = 99, missCount = 1, failureCount = 0]
2024-12-09T18:08:13.947-03:00 DEBUG 21736 --- [usuarios] [           main] org.springframework.test.context.cache   : Spring test ApplicationContext cache statistics: [DefaultContextCache@3e4141cf size = 1, maxSize = 32, parentContextCount = 0, hitCount = 100, missCount = 1, failureCount = 0]
2024-12-09T18:08:13.948-03:00 DEBUG 21736 --- [usuarios] [           main] org.springframework.test.context.cache   : Spring test ApplicationContext cache statistics: [DefaultContextCache@3e4141cf size = 1, maxSize = 32, parentContextCount = 0, hitCount = 101, missCount = 1, failureCount = 0]
2024-12-09T18:08:13.949-03:00 DEBUG 21736 --- [usuarios] [           main] org.springframework.test.context.cache   : Spring test ApplicationContext cache statistics: [DefaultContextCache@3e4141cf size = 1, maxSize = 32, parentContextCount = 0, hitCount = 102, missCount = 1, failureCount = 0]
2024-12-09T18:08:13.949-03:00 DEBUG 21736 --- [usuarios] [           main] org.springframework.test.context.cache   : Spring test ApplicationContext cache statistics: [DefaultContextCache@3e4141cf size = 1, maxSize = 32, parentContextCount = 0, hitCount = 103, missCount = 1, failureCount = 0]
2024-12-09T18:08:13.949-03:00 DEBUG 21736 --- [usuarios] [           main] org.springframework.test.context.cache   : Spring test ApplicationContext cache statistics: [DefaultContextCache@3e4141cf size = 1, maxSize = 32, parentContextCount = 0, hitCount = 104, missCount = 1, failureCount = 0]
2024-12-09T18:08:13.950-03:00 DEBUG 21736 --- [usuarios] [           main] org.springframework.test.context.cache   : Spring test ApplicationContext cache statistics: [DefaultContextCache@3e4141cf size = 1, maxSize = 32, parentContextCount = 0, hitCount = 105, missCount = 1, failureCount = 0]
2024-12-09T18:08:13.952-03:00 DEBUG 21736 --- [usuarios] [           main] org.springframework.test.context.cache   : Spring test ApplicationContext cache statistics: [DefaultContextCache@3e4141cf size = 1, maxSize = 32, parentContextCount = 0, hitCount = 106, missCount = 1, failureCount = 0]
2024-12-09T18:08:13.952-03:00 DEBUG 21736 --- [usuarios] [           main] org.springframework.test.context.cache   : Spring test ApplicationContext cache statistics: [DefaultContextCache@3e4141cf size = 1, maxSize = 32, parentContextCount = 0, hitCount = 107, missCount = 1, failureCount = 0]
2024-12-09T18:08:13.953-03:00 DEBUG 21736 --- [usuarios] [           main] .c.s.DirtiesContextTestExecutionListener : After test method: class [RecetaServiceTest], method [testObtenerNombresDeRecetas], class annotated with @DirtiesContext [false] with mode [null], method annotated with @DirtiesContext [false] with mode [null]
2024-12-09T18:08:13.953-03:00 DEBUG 21736 --- [usuarios] [           main] o.s.t.c.w.ServletTestExecutionListener   : Resetting RequestContextHolder for test class com.microrecetas.usuarios.service.RecetaServiceTest
]]></system-out>
  </testcase>
  <testcase name="testBuscarRecetaPorNombre" classname="com.microrecetas.usuarios.service.RecetaServiceTest" time="0.014">
    <system-out><![CDATA[2024-12-09T18:08:13.954-03:00 DEBUG 21736 --- [usuarios] [           main] org.springframework.test.context.cache   : Spring test ApplicationContext cache statistics: [DefaultContextCache@3e4141cf size = 1, maxSize = 32, parentContextCount = 0, hitCount = 108, missCount = 1, failureCount = 0]
2024-12-09T18:08:13.954-03:00 DEBUG 21736 --- [usuarios] [           main] o.s.t.c.w.ServletTestExecutionListener   : Setting up MockHttpServletRequest, MockHttpServletResponse, ServletWebRequest, and RequestContextHolder for test class com.microrecetas.usuarios.service.RecetaServiceTest
2024-12-09T18:08:13.956-03:00 DEBUG 21736 --- [usuarios] [           main] DependencyInjectionTestExecutionListener : Performing dependency injection for test class com.microrecetas.usuarios.service.RecetaServiceTest
2024-12-09T18:08:13.956-03:00 DEBUG 21736 --- [usuarios] [           main] org.springframework.test.context.cache   : Spring test ApplicationContext cache statistics: [DefaultContextCache@3e4141cf size = 1, maxSize = 32, parentContextCount = 0, hitCount = 109, missCount = 1, failureCount = 0]
2024-12-09T18:08:13.957-03:00 DEBUG 21736 --- [usuarios] [           main] org.springframework.test.context.cache   : Spring test ApplicationContext cache statistics: [DefaultContextCache@3e4141cf size = 1, maxSize = 32, parentContextCount = 0, hitCount = 110, missCount = 1, failureCount = 0]
2024-12-09T18:08:13.958-03:00 DEBUG 21736 --- [usuarios] [           main] sContextBeforeModesTestExecutionListener : Before test method: class [RecetaServiceTest], method [testBuscarRecetaPorNombre], class annotated with @DirtiesContext [false] with mode [null], method annotated with @DirtiesContext [false] with mode [null]
2024-12-09T18:08:13.959-03:00 DEBUG 21736 --- [usuarios] [           main] org.springframework.test.context.cache   : Spring test ApplicationContext cache statistics: [DefaultContextCache@3e4141cf size = 1, maxSize = 32, parentContextCount = 0, hitCount = 111, missCount = 1, failureCount = 0]
2024-12-09T18:08:13.959-03:00 DEBUG 21736 --- [usuarios] [           main] org.springframework.test.context.cache   : Spring test ApplicationContext cache statistics: [DefaultContextCache@3e4141cf size = 1, maxSize = 32, parentContextCount = 0, hitCount = 112, missCount = 1, failureCount = 0]
2024-12-09T18:08:13.963-03:00 DEBUG 21736 --- [usuarios] [           main] org.springframework.test.context.cache   : Spring test ApplicationContext cache statistics: [DefaultContextCache@3e4141cf size = 1, maxSize = 32, parentContextCount = 0, hitCount = 113, missCount = 1, failureCount = 0]
2024-12-09T18:08:13.965-03:00 DEBUG 21736 --- [usuarios] [           main] org.springframework.test.context.cache   : Spring test ApplicationContext cache statistics: [DefaultContextCache@3e4141cf size = 1, maxSize = 32, parentContextCount = 0, hitCount = 114, missCount = 1, failureCount = 0]
2024-12-09T18:08:13.966-03:00 DEBUG 21736 --- [usuarios] [           main] org.springframework.test.context.cache   : Spring test ApplicationContext cache statistics: [DefaultContextCache@3e4141cf size = 1, maxSize = 32, parentContextCount = 0, hitCount = 115, missCount = 1, failureCount = 0]
2024-12-09T18:08:13.966-03:00 DEBUG 21736 --- [usuarios] [           main] org.springframework.test.context.cache   : Spring test ApplicationContext cache statistics: [DefaultContextCache@3e4141cf size = 1, maxSize = 32, parentContextCount = 0, hitCount = 116, missCount = 1, failureCount = 0]
2024-12-09T18:08:13.967-03:00 DEBUG 21736 --- [usuarios] [           main] org.springframework.test.context.cache   : Spring test ApplicationContext cache statistics: [DefaultContextCache@3e4141cf size = 1, maxSize = 32, parentContextCount = 0, hitCount = 117, missCount = 1, failureCount = 0]
2024-12-09T18:08:13.968-03:00 DEBUG 21736 --- [usuarios] [           main] org.springframework.test.context.cache   : Spring test ApplicationContext cache statistics: [DefaultContextCache@3e4141cf size = 1, maxSize = 32, parentContextCount = 0, hitCount = 118, missCount = 1, failureCount = 0]
2024-12-09T18:08:13.970-03:00 DEBUG 21736 --- [usuarios] [           main] org.springframework.test.context.cache   : Spring test ApplicationContext cache statistics: [DefaultContextCache@3e4141cf size = 1, maxSize = 32, parentContextCount = 0, hitCount = 119, missCount = 1, failureCount = 0]
2024-12-09T18:08:13.970-03:00 DEBUG 21736 --- [usuarios] [           main] org.springframework.test.context.cache   : Spring test ApplicationContext cache statistics: [DefaultContextCache@3e4141cf size = 1, maxSize = 32, parentContextCount = 0, hitCount = 120, missCount = 1, failureCount = 0]
2024-12-09T18:08:13.970-03:00 DEBUG 21736 --- [usuarios] [           main] .c.s.DirtiesContextTestExecutionListener : After test method: class [RecetaServiceTest], method [testBuscarRecetaPorNombre], class annotated with @DirtiesContext [false] with mode [null], method annotated with @DirtiesContext [false] with mode [null]
2024-12-09T18:08:13.970-03:00 DEBUG 21736 --- [usuarios] [           main] o.s.t.c.w.ServletTestExecutionListener   : Resetting RequestContextHolder for test class com.microrecetas.usuarios.service.RecetaServiceTest
]]></system-out>
  </testcase>
  <testcase name="testObtenerRecetaPorId" classname="com.microrecetas.usuarios.service.RecetaServiceTest" time="0.011">
    <system-out><![CDATA[2024-12-09T18:08:13.972-03:00 DEBUG 21736 --- [usuarios] [           main] org.springframework.test.context.cache   : Spring test ApplicationContext cache statistics: [DefaultContextCache@3e4141cf size = 1, maxSize = 32, parentContextCount = 0, hitCount = 121, missCount = 1, failureCount = 0]
2024-12-09T18:08:13.972-03:00 DEBUG 21736 --- [usuarios] [           main] o.s.t.c.w.ServletTestExecutionListener   : Setting up MockHttpServletRequest, MockHttpServletResponse, ServletWebRequest, and RequestContextHolder for test class com.microrecetas.usuarios.service.RecetaServiceTest
2024-12-09T18:08:13.973-03:00 DEBUG 21736 --- [usuarios] [           main] DependencyInjectionTestExecutionListener : Performing dependency injection for test class com.microrecetas.usuarios.service.RecetaServiceTest
2024-12-09T18:08:13.974-03:00 DEBUG 21736 --- [usuarios] [           main] org.springframework.test.context.cache   : Spring test ApplicationContext cache statistics: [DefaultContextCache@3e4141cf size = 1, maxSize = 32, parentContextCount = 0, hitCount = 122, missCount = 1, failureCount = 0]
2024-12-09T18:08:13.974-03:00 DEBUG 21736 --- [usuarios] [           main] org.springframework.test.context.cache   : Spring test ApplicationContext cache statistics: [DefaultContextCache@3e4141cf size = 1, maxSize = 32, parentContextCount = 0, hitCount = 123, missCount = 1, failureCount = 0]
2024-12-09T18:08:13.975-03:00 DEBUG 21736 --- [usuarios] [           main] sContextBeforeModesTestExecutionListener : Before test method: class [RecetaServiceTest], method [testObtenerRecetaPorId], class annotated with @DirtiesContext [false] with mode [null], method annotated with @DirtiesContext [false] with mode [null]
2024-12-09T18:08:13.976-03:00 DEBUG 21736 --- [usuarios] [           main] org.springframework.test.context.cache   : Spring test ApplicationContext cache statistics: [DefaultContextCache@3e4141cf size = 1, maxSize = 32, parentContextCount = 0, hitCount = 124, missCount = 1, failureCount = 0]
2024-12-09T18:08:13.977-03:00 DEBUG 21736 --- [usuarios] [           main] org.springframework.test.context.cache   : Spring test ApplicationContext cache statistics: [DefaultContextCache@3e4141cf size = 1, maxSize = 32, parentContextCount = 0, hitCount = 125, missCount = 1, failureCount = 0]
2024-12-09T18:08:13.978-03:00 DEBUG 21736 --- [usuarios] [           main] org.springframework.test.context.cache   : Spring test ApplicationContext cache statistics: [DefaultContextCache@3e4141cf size = 1, maxSize = 32, parentContextCount = 0, hitCount = 126, missCount = 1, failureCount = 0]
2024-12-09T18:08:13.980-03:00 DEBUG 21736 --- [usuarios] [           main] org.springframework.test.context.cache   : Spring test ApplicationContext cache statistics: [DefaultContextCache@3e4141cf size = 1, maxSize = 32, parentContextCount = 0, hitCount = 127, missCount = 1, failureCount = 0]
2024-12-09T18:08:13.980-03:00 DEBUG 21736 --- [usuarios] [           main] org.springframework.test.context.cache   : Spring test ApplicationContext cache statistics: [DefaultContextCache@3e4141cf size = 1, maxSize = 32, parentContextCount = 0, hitCount = 128, missCount = 1, failureCount = 0]
2024-12-09T18:08:13.980-03:00 DEBUG 21736 --- [usuarios] [           main] org.springframework.test.context.cache   : Spring test ApplicationContext cache statistics: [DefaultContextCache@3e4141cf size = 1, maxSize = 32, parentContextCount = 0, hitCount = 129, missCount = 1, failureCount = 0]
2024-12-09T18:08:13.980-03:00 DEBUG 21736 --- [usuarios] [           main] org.springframework.test.context.cache   : Spring test ApplicationContext cache statistics: [DefaultContextCache@3e4141cf size = 1, maxSize = 32, parentContextCount = 0, hitCount = 130, missCount = 1, failureCount = 0]
2024-12-09T18:08:13.982-03:00 DEBUG 21736 --- [usuarios] [           main] org.springframework.test.context.cache   : Spring test ApplicationContext cache statistics: [DefaultContextCache@3e4141cf size = 1, maxSize = 32, parentContextCount = 0, hitCount = 131, missCount = 1, failureCount = 0]
2024-12-09T18:08:13.983-03:00 DEBUG 21736 --- [usuarios] [           main] org.springframework.test.context.cache   : Spring test ApplicationContext cache statistics: [DefaultContextCache@3e4141cf size = 1, maxSize = 32, parentContextCount = 0, hitCount = 132, missCount = 1, failureCount = 0]
2024-12-09T18:08:13.984-03:00 DEBUG 21736 --- [usuarios] [           main] org.springframework.test.context.cache   : Spring test ApplicationContext cache statistics: [DefaultContextCache@3e4141cf size = 1, maxSize = 32, parentContextCount = 0, hitCount = 133, missCount = 1, failureCount = 0]
2024-12-09T18:08:13.985-03:00 DEBUG 21736 --- [usuarios] [           main] .c.s.DirtiesContextTestExecutionListener : After test method: class [RecetaServiceTest], method [testObtenerRecetaPorId], class annotated with @DirtiesContext [false] with mode [null], method annotated with @DirtiesContext [false] with mode [null]
2024-12-09T18:08:13.985-03:00 DEBUG 21736 --- [usuarios] [           main] o.s.t.c.w.ServletTestExecutionListener   : Resetting RequestContextHolder for test class com.microrecetas.usuarios.service.RecetaServiceTest
]]></system-out>
  </testcase>
  <testcase name="testCrearReceta" classname="com.microrecetas.usuarios.service.RecetaServiceTest" time="0.011">
    <system-out><![CDATA[2024-12-09T18:08:13.986-03:00 DEBUG 21736 --- [usuarios] [           main] org.springframework.test.context.cache   : Spring test ApplicationContext cache statistics: [DefaultContextCache@3e4141cf size = 1, maxSize = 32, parentContextCount = 0, hitCount = 134, missCount = 1, failureCount = 0]
2024-12-09T18:08:13.986-03:00 DEBUG 21736 --- [usuarios] [           main] o.s.t.c.w.ServletTestExecutionListener   : Setting up MockHttpServletRequest, MockHttpServletResponse, ServletWebRequest, and RequestContextHolder for test class com.microrecetas.usuarios.service.RecetaServiceTest
2024-12-09T18:08:13.987-03:00 DEBUG 21736 --- [usuarios] [           main] DependencyInjectionTestExecutionListener : Performing dependency injection for test class com.microrecetas.usuarios.service.RecetaServiceTest
2024-12-09T18:08:13.988-03:00 DEBUG 21736 --- [usuarios] [           main] org.springframework.test.context.cache   : Spring test ApplicationContext cache statistics: [DefaultContextCache@3e4141cf size = 1, maxSize = 32, parentContextCount = 0, hitCount = 135, missCount = 1, failureCount = 0]
2024-12-09T18:08:13.988-03:00 DEBUG 21736 --- [usuarios] [           main] org.springframework.test.context.cache   : Spring test ApplicationContext cache statistics: [DefaultContextCache@3e4141cf size = 1, maxSize = 32, parentContextCount = 0, hitCount = 136, missCount = 1, failureCount = 0]
2024-12-09T18:08:13.990-03:00 DEBUG 21736 --- [usuarios] [           main] sContextBeforeModesTestExecutionListener : Before test method: class [RecetaServiceTest], method [testCrearReceta], class annotated with @DirtiesContext [false] with mode [null], method annotated with @DirtiesContext [false] with mode [null]
2024-12-09T18:08:13.990-03:00 DEBUG 21736 --- [usuarios] [           main] org.springframework.test.context.cache   : Spring test ApplicationContext cache statistics: [DefaultContextCache@3e4141cf size = 1, maxSize = 32, parentContextCount = 0, hitCount = 137, missCount = 1, failureCount = 0]
2024-12-09T18:08:13.991-03:00 DEBUG 21736 --- [usuarios] [           main] org.springframework.test.context.cache   : Spring test ApplicationContext cache statistics: [DefaultContextCache@3e4141cf size = 1, maxSize = 32, parentContextCount = 0, hitCount = 138, missCount = 1, failureCount = 0]
2024-12-09T18:08:13.992-03:00 DEBUG 21736 --- [usuarios] [           main] org.springframework.test.context.cache   : Spring test ApplicationContext cache statistics: [DefaultContextCache@3e4141cf size = 1, maxSize = 32, parentContextCount = 0, hitCount = 139, missCount = 1, failureCount = 0]
2024-12-09T18:08:13.996-03:00 DEBUG 21736 --- [usuarios] [           main] org.springframework.test.context.cache   : Spring test ApplicationContext cache statistics: [DefaultContextCache@3e4141cf size = 1, maxSize = 32, parentContextCount = 0, hitCount = 140, missCount = 1, failureCount = 0]
2024-12-09T18:08:13.997-03:00 DEBUG 21736 --- [usuarios] [           main] org.springframework.test.context.cache   : Spring test ApplicationContext cache statistics: [DefaultContextCache@3e4141cf size = 1, maxSize = 32, parentContextCount = 0, hitCount = 141, missCount = 1, failureCount = 0]
2024-12-09T18:08:13.997-03:00 DEBUG 21736 --- [usuarios] [           main] org.springframework.test.context.cache   : Spring test ApplicationContext cache statistics: [DefaultContextCache@3e4141cf size = 1, maxSize = 32, parentContextCount = 0, hitCount = 142, missCount = 1, failureCount = 0]
2024-12-09T18:08:13.998-03:00 DEBUG 21736 --- [usuarios] [           main] org.springframework.test.context.cache   : Spring test ApplicationContext cache statistics: [DefaultContextCache@3e4141cf size = 1, maxSize = 32, parentContextCount = 0, hitCount = 143, missCount = 1, failureCount = 0]
2024-12-09T18:08:13.999-03:00 DEBUG 21736 --- [usuarios] [           main] org.springframework.test.context.cache   : Spring test ApplicationContext cache statistics: [DefaultContextCache@3e4141cf size = 1, maxSize = 32, parentContextCount = 0, hitCount = 144, missCount = 1, failureCount = 0]
2024-12-09T18:08:14.000-03:00 DEBUG 21736 --- [usuarios] [           main] org.springframework.test.context.cache   : Spring test ApplicationContext cache statistics: [DefaultContextCache@3e4141cf size = 1, maxSize = 32, parentContextCount = 0, hitCount = 145, missCount = 1, failureCount = 0]
2024-12-09T18:08:14.000-03:00 DEBUG 21736 --- [usuarios] [           main] org.springframework.test.context.cache   : Spring test ApplicationContext cache statistics: [DefaultContextCache@3e4141cf size = 1, maxSize = 32, parentContextCount = 0, hitCount = 146, missCount = 1, failureCount = 0]
2024-12-09T18:08:14.000-03:00 DEBUG 21736 --- [usuarios] [           main] .c.s.DirtiesContextTestExecutionListener : After test method: class [RecetaServiceTest], method [testCrearReceta], class annotated with @DirtiesContext [false] with mode [null], method annotated with @DirtiesContext [false] with mode [null]
2024-12-09T18:08:14.000-03:00 DEBUG 21736 --- [usuarios] [           main] o.s.t.c.w.ServletTestExecutionListener   : Resetting RequestContextHolder for test class com.microrecetas.usuarios.service.RecetaServiceTest
]]></system-out>
  </testcase>
  <testcase name="testGuardarRecetas" classname="com.microrecetas.usuarios.service.RecetaServiceTest" time="0.012">
    <system-out><![CDATA[2024-12-09T18:08:14.001-03:00 DEBUG 21736 --- [usuarios] [           main] org.springframework.test.context.cache   : Spring test ApplicationContext cache statistics: [DefaultContextCache@3e4141cf size = 1, maxSize = 32, parentContextCount = 0, hitCount = 147, missCount = 1, failureCount = 0]
2024-12-09T18:08:14.002-03:00 DEBUG 21736 --- [usuarios] [           main] o.s.t.c.w.ServletTestExecutionListener   : Setting up MockHttpServletRequest, MockHttpServletResponse, ServletWebRequest, and RequestContextHolder for test class com.microrecetas.usuarios.service.RecetaServiceTest
2024-12-09T18:08:14.003-03:00 DEBUG 21736 --- [usuarios] [           main] DependencyInjectionTestExecutionListener : Performing dependency injection for test class com.microrecetas.usuarios.service.RecetaServiceTest
2024-12-09T18:08:14.003-03:00 DEBUG 21736 --- [usuarios] [           main] org.springframework.test.context.cache   : Spring test ApplicationContext cache statistics: [DefaultContextCache@3e4141cf size = 1, maxSize = 32, parentContextCount = 0, hitCount = 148, missCount = 1, failureCount = 0]
2024-12-09T18:08:14.004-03:00 DEBUG 21736 --- [usuarios] [           main] org.springframework.test.context.cache   : Spring test ApplicationContext cache statistics: [DefaultContextCache@3e4141cf size = 1, maxSize = 32, parentContextCount = 0, hitCount = 149, missCount = 1, failureCount = 0]
2024-12-09T18:08:14.006-03:00 DEBUG 21736 --- [usuarios] [           main] sContextBeforeModesTestExecutionListener : Before test method: class [RecetaServiceTest], method [testGuardarRecetas], class annotated with @DirtiesContext [false] with mode [null], method annotated with @DirtiesContext [false] with mode [null]
2024-12-09T18:08:14.006-03:00 DEBUG 21736 --- [usuarios] [           main] org.springframework.test.context.cache   : Spring test ApplicationContext cache statistics: [DefaultContextCache@3e4141cf size = 1, maxSize = 32, parentContextCount = 0, hitCount = 150, missCount = 1, failureCount = 0]
2024-12-09T18:08:14.007-03:00 DEBUG 21736 --- [usuarios] [           main] org.springframework.test.context.cache   : Spring test ApplicationContext cache statistics: [DefaultContextCache@3e4141cf size = 1, maxSize = 32, parentContextCount = 0, hitCount = 151, missCount = 1, failureCount = 0]
2024-12-09T18:08:14.008-03:00 DEBUG 21736 --- [usuarios] [           main] org.springframework.test.context.cache   : Spring test ApplicationContext cache statistics: [DefaultContextCache@3e4141cf size = 1, maxSize = 32, parentContextCount = 0, hitCount = 152, missCount = 1, failureCount = 0]
2024-12-09T18:08:14.011-03:00 DEBUG 21736 --- [usuarios] [           main] org.springframework.test.context.cache   : Spring test ApplicationContext cache statistics: [DefaultContextCache@3e4141cf size = 1, maxSize = 32, parentContextCount = 0, hitCount = 153, missCount = 1, failureCount = 0]
2024-12-09T18:08:14.012-03:00 DEBUG 21736 --- [usuarios] [           main] org.springframework.test.context.cache   : Spring test ApplicationContext cache statistics: [DefaultContextCache@3e4141cf size = 1, maxSize = 32, parentContextCount = 0, hitCount = 154, missCount = 1, failureCount = 0]
2024-12-09T18:08:14.012-03:00 DEBUG 21736 --- [usuarios] [           main] org.springframework.test.context.cache   : Spring test ApplicationContext cache statistics: [DefaultContextCache@3e4141cf size = 1, maxSize = 32, parentContextCount = 0, hitCount = 155, missCount = 1, failureCount = 0]
2024-12-09T18:08:14.012-03:00 DEBUG 21736 --- [usuarios] [           main] org.springframework.test.context.cache   : Spring test ApplicationContext cache statistics: [DefaultContextCache@3e4141cf size = 1, maxSize = 32, parentContextCount = 0, hitCount = 156, missCount = 1, failureCount = 0]
2024-12-09T18:08:14.013-03:00 DEBUG 21736 --- [usuarios] [           main] org.springframework.test.context.cache   : Spring test ApplicationContext cache statistics: [DefaultContextCache@3e4141cf size = 1, maxSize = 32, parentContextCount = 0, hitCount = 157, missCount = 1, failureCount = 0]
2024-12-09T18:08:14.015-03:00 DEBUG 21736 --- [usuarios] [           main] org.springframework.test.context.cache   : Spring test ApplicationContext cache statistics: [DefaultContextCache@3e4141cf size = 1, maxSize = 32, parentContextCount = 0, hitCount = 158, missCount = 1, failureCount = 0]
2024-12-09T18:08:14.015-03:00 DEBUG 21736 --- [usuarios] [           main] org.springframework.test.context.cache   : Spring test ApplicationContext cache statistics: [DefaultContextCache@3e4141cf size = 1, maxSize = 32, parentContextCount = 0, hitCount = 159, missCount = 1, failureCount = 0]
2024-12-09T18:08:14.015-03:00 DEBUG 21736 --- [usuarios] [           main] .c.s.DirtiesContextTestExecutionListener : After test method: class [RecetaServiceTest], method [testGuardarRecetas], class annotated with @DirtiesContext [false] with mode [null], method annotated with @DirtiesContext [false] with mode [null]
2024-12-09T18:08:14.016-03:00 DEBUG 21736 --- [usuarios] [           main] o.s.t.c.w.ServletTestExecutionListener   : Resetting RequestContextHolder for test class com.microrecetas.usuarios.service.RecetaServiceTest
]]></system-out>
  </testcase>
  <testcase name="testObtenerTodasLasRecetas" classname="com.microrecetas.usuarios.service.RecetaServiceTest" time="0.01">
    <system-out><![CDATA[2024-12-09T18:08:14.017-03:00 DEBUG 21736 --- [usuarios] [           main] org.springframework.test.context.cache   : Spring test ApplicationContext cache statistics: [DefaultContextCache@3e4141cf size = 1, maxSize = 32, parentContextCount = 0, hitCount = 160, missCount = 1, failureCount = 0]
2024-12-09T18:08:14.017-03:00 DEBUG 21736 --- [usuarios] [           main] o.s.t.c.w.ServletTestExecutionListener   : Setting up MockHttpServletRequest, MockHttpServletResponse, ServletWebRequest, and RequestContextHolder for test class com.microrecetas.usuarios.service.RecetaServiceTest
2024-12-09T18:08:14.018-03:00 DEBUG 21736 --- [usuarios] [           main] DependencyInjectionTestExecutionListener : Performing dependency injection for test class com.microrecetas.usuarios.service.RecetaServiceTest
2024-12-09T18:08:14.018-03:00 DEBUG 21736 --- [usuarios] [           main] org.springframework.test.context.cache   : Spring test ApplicationContext cache statistics: [DefaultContextCache@3e4141cf size = 1, maxSize = 32, parentContextCount = 0, hitCount = 161, missCount = 1, failureCount = 0]
2024-12-09T18:08:14.019-03:00 DEBUG 21736 --- [usuarios] [           main] org.springframework.test.context.cache   : Spring test ApplicationContext cache statistics: [DefaultContextCache@3e4141cf size = 1, maxSize = 32, parentContextCount = 0, hitCount = 162, missCount = 1, failureCount = 0]
2024-12-09T18:08:14.020-03:00 DEBUG 21736 --- [usuarios] [           main] sContextBeforeModesTestExecutionListener : Before test method: class [RecetaServiceTest], method [testObtenerTodasLasRecetas], class annotated with @DirtiesContext [false] with mode [null], method annotated with @DirtiesContext [false] with mode [null]
2024-12-09T18:08:14.020-03:00 DEBUG 21736 --- [usuarios] [           main] org.springframework.test.context.cache   : Spring test ApplicationContext cache statistics: [DefaultContextCache@3e4141cf size = 1, maxSize = 32, parentContextCount = 0, hitCount = 163, missCount = 1, failureCount = 0]
2024-12-09T18:08:14.020-03:00 DEBUG 21736 --- [usuarios] [           main] org.springframework.test.context.cache   : Spring test ApplicationContext cache statistics: [DefaultContextCache@3e4141cf size = 1, maxSize = 32, parentContextCount = 0, hitCount = 164, missCount = 1, failureCount = 0]
2024-12-09T18:08:14.022-03:00 DEBUG 21736 --- [usuarios] [           main] org.springframework.test.context.cache   : Spring test ApplicationContext cache statistics: [DefaultContextCache@3e4141cf size = 1, maxSize = 32, parentContextCount = 0, hitCount = 165, missCount = 1, failureCount = 0]
2024-12-09T18:08:14.023-03:00 DEBUG 21736 --- [usuarios] [           main] org.springframework.test.context.cache   : Spring test ApplicationContext cache statistics: [DefaultContextCache@3e4141cf size = 1, maxSize = 32, parentContextCount = 0, hitCount = 166, missCount = 1, failureCount = 0]
2024-12-09T18:08:14.024-03:00 DEBUG 21736 --- [usuarios] [           main] org.springframework.test.context.cache   : Spring test ApplicationContext cache statistics: [DefaultContextCache@3e4141cf size = 1, maxSize = 32, parentContextCount = 0, hitCount = 167, missCount = 1, failureCount = 0]
2024-12-09T18:08:14.024-03:00 DEBUG 21736 --- [usuarios] [           main] org.springframework.test.context.cache   : Spring test ApplicationContext cache statistics: [DefaultContextCache@3e4141cf size = 1, maxSize = 32, parentContextCount = 0, hitCount = 168, missCount = 1, failureCount = 0]
2024-12-09T18:08:14.024-03:00 DEBUG 21736 --- [usuarios] [           main] org.springframework.test.context.cache   : Spring test ApplicationContext cache statistics: [DefaultContextCache@3e4141cf size = 1, maxSize = 32, parentContextCount = 0, hitCount = 169, missCount = 1, failureCount = 0]
2024-12-09T18:08:14.025-03:00 DEBUG 21736 --- [usuarios] [           main] org.springframework.test.context.cache   : Spring test ApplicationContext cache statistics: [DefaultContextCache@3e4141cf size = 1, maxSize = 32, parentContextCount = 0, hitCount = 170, missCount = 1, failureCount = 0]
2024-12-09T18:08:14.026-03:00 DEBUG 21736 --- [usuarios] [           main] org.springframework.test.context.cache   : Spring test ApplicationContext cache statistics: [DefaultContextCache@3e4141cf size = 1, maxSize = 32, parentContextCount = 0, hitCount = 171, missCount = 1, failureCount = 0]
2024-12-09T18:08:14.027-03:00 DEBUG 21736 --- [usuarios] [           main] org.springframework.test.context.cache   : Spring test ApplicationContext cache statistics: [DefaultContextCache@3e4141cf size = 1, maxSize = 32, parentContextCount = 0, hitCount = 172, missCount = 1, failureCount = 0]
2024-12-09T18:08:14.028-03:00 DEBUG 21736 --- [usuarios] [           main] .c.s.DirtiesContextTestExecutionListener : After test method: class [RecetaServiceTest], method [testObtenerTodasLasRecetas], class annotated with @DirtiesContext [false] with mode [null], method annotated with @DirtiesContext [false] with mode [null]
2024-12-09T18:08:14.028-03:00 DEBUG 21736 --- [usuarios] [           main] o.s.t.c.w.ServletTestExecutionListener   : Resetting RequestContextHolder for test class com.microrecetas.usuarios.service.RecetaServiceTest
]]></system-out>
  </testcase>
  <testcase name="testEliminarReceta" classname="com.microrecetas.usuarios.service.RecetaServiceTest" time="0.007">
    <system-out><![CDATA[2024-12-09T18:08:14.031-03:00 DEBUG 21736 --- [usuarios] [           main] org.springframework.test.context.cache   : Spring test ApplicationContext cache statistics: [DefaultContextCache@3e4141cf size = 1, maxSize = 32, parentContextCount = 0, hitCount = 173, missCount = 1, failureCount = 0]
2024-12-09T18:08:14.031-03:00 DEBUG 21736 --- [usuarios] [           main] o.s.t.c.w.ServletTestExecutionListener   : Setting up MockHttpServletRequest, MockHttpServletResponse, ServletWebRequest, and RequestContextHolder for test class com.microrecetas.usuarios.service.RecetaServiceTest
2024-12-09T18:08:14.032-03:00 DEBUG 21736 --- [usuarios] [           main] DependencyInjectionTestExecutionListener : Performing dependency injection for test class com.microrecetas.usuarios.service.RecetaServiceTest
2024-12-09T18:08:14.033-03:00 DEBUG 21736 --- [usuarios] [           main] org.springframework.test.context.cache   : Spring test ApplicationContext cache statistics: [DefaultContextCache@3e4141cf size = 1, maxSize = 32, parentContextCount = 0, hitCount = 174, missCount = 1, failureCount = 0]
2024-12-09T18:08:14.033-03:00 DEBUG 21736 --- [usuarios] [           main] org.springframework.test.context.cache   : Spring test ApplicationContext cache statistics: [DefaultContextCache@3e4141cf size = 1, maxSize = 32, parentContextCount = 0, hitCount = 175, missCount = 1, failureCount = 0]
2024-12-09T18:08:14.034-03:00 DEBUG 21736 --- [usuarios] [           main] sContextBeforeModesTestExecutionListener : Before test method: class [RecetaServiceTest], method [testEliminarReceta], class annotated with @DirtiesContext [false] with mode [null], method annotated with @DirtiesContext [false] with mode [null]
2024-12-09T18:08:14.035-03:00 DEBUG 21736 --- [usuarios] [           main] org.springframework.test.context.cache   : Spring test ApplicationContext cache statistics: [DefaultContextCache@3e4141cf size = 1, maxSize = 32, parentContextCount = 0, hitCount = 176, missCount = 1, failureCount = 0]
2024-12-09T18:08:14.035-03:00 DEBUG 21736 --- [usuarios] [           main] org.springframework.test.context.cache   : Spring test ApplicationContext cache statistics: [DefaultContextCache@3e4141cf size = 1, maxSize = 32, parentContextCount = 0, hitCount = 177, missCount = 1, failureCount = 0]
2024-12-09T18:08:14.037-03:00 DEBUG 21736 --- [usuarios] [           main] org.springframework.test.context.cache   : Spring test ApplicationContext cache statistics: [DefaultContextCache@3e4141cf size = 1, maxSize = 32, parentContextCount = 0, hitCount = 178, missCount = 1, failureCount = 0]
2024-12-09T18:08:14.038-03:00 DEBUG 21736 --- [usuarios] [           main] org.springframework.test.context.cache   : Spring test ApplicationContext cache statistics: [DefaultContextCache@3e4141cf size = 1, maxSize = 32, parentContextCount = 0, hitCount = 179, missCount = 1, failureCount = 0]
2024-12-09T18:08:14.039-03:00 DEBUG 21736 --- [usuarios] [           main] org.springframework.test.context.cache   : Spring test ApplicationContext cache statistics: [DefaultContextCache@3e4141cf size = 1, maxSize = 32, parentContextCount = 0, hitCount = 180, missCount = 1, failureCount = 0]
2024-12-09T18:08:14.039-03:00 DEBUG 21736 --- [usuarios] [           main] org.springframework.test.context.cache   : Spring test ApplicationContext cache statistics: [DefaultContextCache@3e4141cf size = 1, maxSize = 32, parentContextCount = 0, hitCount = 181, missCount = 1, failureCount = 0]
2024-12-09T18:08:14.039-03:00 DEBUG 21736 --- [usuarios] [           main] org.springframework.test.context.cache   : Spring test ApplicationContext cache statistics: [DefaultContextCache@3e4141cf size = 1, maxSize = 32, parentContextCount = 0, hitCount = 182, missCount = 1, failureCount = 0]
2024-12-09T18:08:14.040-03:00 DEBUG 21736 --- [usuarios] [           main] org.springframework.test.context.cache   : Spring test ApplicationContext cache statistics: [DefaultContextCache@3e4141cf size = 1, maxSize = 32, parentContextCount = 0, hitCount = 183, missCount = 1, failureCount = 0]
2024-12-09T18:08:14.040-03:00 DEBUG 21736 --- [usuarios] [           main] org.springframework.test.context.cache   : Spring test ApplicationContext cache statistics: [DefaultContextCache@3e4141cf size = 1, maxSize = 32, parentContextCount = 0, hitCount = 184, missCount = 1, failureCount = 0]
2024-12-09T18:08:14.041-03:00 DEBUG 21736 --- [usuarios] [           main] org.springframework.test.context.cache   : Spring test ApplicationContext cache statistics: [DefaultContextCache@3e4141cf size = 1, maxSize = 32, parentContextCount = 0, hitCount = 185, missCount = 1, failureCount = 0]
2024-12-09T18:08:14.041-03:00 DEBUG 21736 --- [usuarios] [           main] .c.s.DirtiesContextTestExecutionListener : After test method: class [RecetaServiceTest], method [testEliminarReceta], class annotated with @DirtiesContext [false] with mode [null], method annotated with @DirtiesContext [false] with mode [null]
2024-12-09T18:08:14.041-03:00 DEBUG 21736 --- [usuarios] [           main] o.s.t.c.w.ServletTestExecutionListener   : Resetting RequestContextHolder for test class com.microrecetas.usuarios.service.RecetaServiceTest
]]></system-out>
  </testcase>
  <testcase name="testActualizarReceta" classname="com.microrecetas.usuarios.service.RecetaServiceTest" time="0.009">
    <system-out><![CDATA[2024-12-09T18:08:14.042-03:00 DEBUG 21736 --- [usuarios] [           main] org.springframework.test.context.cache   : Spring test ApplicationContext cache statistics: [DefaultContextCache@3e4141cf size = 1, maxSize = 32, parentContextCount = 0, hitCount = 186, missCount = 1, failureCount = 0]
2024-12-09T18:08:14.042-03:00 DEBUG 21736 --- [usuarios] [           main] o.s.t.c.w.ServletTestExecutionListener   : Setting up MockHttpServletRequest, MockHttpServletResponse, ServletWebRequest, and RequestContextHolder for test class com.microrecetas.usuarios.service.RecetaServiceTest
2024-12-09T18:08:14.044-03:00 DEBUG 21736 --- [usuarios] [           main] DependencyInjectionTestExecutionListener : Performing dependency injection for test class com.microrecetas.usuarios.service.RecetaServiceTest
2024-12-09T18:08:14.045-03:00 DEBUG 21736 --- [usuarios] [           main] org.springframework.test.context.cache   : Spring test ApplicationContext cache statistics: [DefaultContextCache@3e4141cf size = 1, maxSize = 32, parentContextCount = 0, hitCount = 187, missCount = 1, failureCount = 0]
2024-12-09T18:08:14.045-03:00 DEBUG 21736 --- [usuarios] [           main] org.springframework.test.context.cache   : Spring test ApplicationContext cache statistics: [DefaultContextCache@3e4141cf size = 1, maxSize = 32, parentContextCount = 0, hitCount = 188, missCount = 1, failureCount = 0]
2024-12-09T18:08:14.046-03:00 DEBUG 21736 --- [usuarios] [           main] sContextBeforeModesTestExecutionListener : Before test method: class [RecetaServiceTest], method [testActualizarReceta], class annotated with @DirtiesContext [false] with mode [null], method annotated with @DirtiesContext [false] with mode [null]
2024-12-09T18:08:14.047-03:00 DEBUG 21736 --- [usuarios] [           main] org.springframework.test.context.cache   : Spring test ApplicationContext cache statistics: [DefaultContextCache@3e4141cf size = 1, maxSize = 32, parentContextCount = 0, hitCount = 189, missCount = 1, failureCount = 0]
2024-12-09T18:08:14.047-03:00 DEBUG 21736 --- [usuarios] [           main] org.springframework.test.context.cache   : Spring test ApplicationContext cache statistics: [DefaultContextCache@3e4141cf size = 1, maxSize = 32, parentContextCount = 0, hitCount = 190, missCount = 1, failureCount = 0]
2024-12-09T18:08:14.048-03:00 DEBUG 21736 --- [usuarios] [           main] org.springframework.test.context.cache   : Spring test ApplicationContext cache statistics: [DefaultContextCache@3e4141cf size = 1, maxSize = 32, parentContextCount = 0, hitCount = 191, missCount = 1, failureCount = 0]
2024-12-09T18:08:14.051-03:00 DEBUG 21736 --- [usuarios] [           main] org.springframework.test.context.cache   : Spring test ApplicationContext cache statistics: [DefaultContextCache@3e4141cf size = 1, maxSize = 32, parentContextCount = 0, hitCount = 192, missCount = 1, failureCount = 0]
2024-12-09T18:08:14.052-03:00 DEBUG 21736 --- [usuarios] [           main] org.springframework.test.context.cache   : Spring test ApplicationContext cache statistics: [DefaultContextCache@3e4141cf size = 1, maxSize = 32, parentContextCount = 0, hitCount = 193, missCount = 1, failureCount = 0]
2024-12-09T18:08:14.052-03:00 DEBUG 21736 --- [usuarios] [           main] org.springframework.test.context.cache   : Spring test ApplicationContext cache statistics: [DefaultContextCache@3e4141cf size = 1, maxSize = 32, parentContextCount = 0, hitCount = 194, missCount = 1, failureCount = 0]
2024-12-09T18:08:14.052-03:00 DEBUG 21736 --- [usuarios] [           main] org.springframework.test.context.cache   : Spring test ApplicationContext cache statistics: [DefaultContextCache@3e4141cf size = 1, maxSize = 32, parentContextCount = 0, hitCount = 195, missCount = 1, failureCount = 0]
2024-12-09T18:08:14.053-03:00 DEBUG 21736 --- [usuarios] [           main] org.springframework.test.context.cache   : Spring test ApplicationContext cache statistics: [DefaultContextCache@3e4141cf size = 1, maxSize = 32, parentContextCount = 0, hitCount = 196, missCount = 1, failureCount = 0]
2024-12-09T18:08:14.054-03:00 DEBUG 21736 --- [usuarios] [           main] org.springframework.test.context.cache   : Spring test ApplicationContext cache statistics: [DefaultContextCache@3e4141cf size = 1, maxSize = 32, parentContextCount = 0, hitCount = 197, missCount = 1, failureCount = 0]
2024-12-09T18:08:14.054-03:00 DEBUG 21736 --- [usuarios] [           main] org.springframework.test.context.cache   : Spring test ApplicationContext cache statistics: [DefaultContextCache@3e4141cf size = 1, maxSize = 32, parentContextCount = 0, hitCount = 198, missCount = 1, failureCount = 0]
2024-12-09T18:08:14.054-03:00 DEBUG 21736 --- [usuarios] [           main] .c.s.DirtiesContextTestExecutionListener : After test method: class [RecetaServiceTest], method [testActualizarReceta], class annotated with @DirtiesContext [false] with mode [null], method annotated with @DirtiesContext [false] with mode [null]
2024-12-09T18:08:14.054-03:00 DEBUG 21736 --- [usuarios] [           main] o.s.t.c.w.ServletTestExecutionListener   : Resetting RequestContextHolder for test class com.microrecetas.usuarios.service.RecetaServiceTest
]]></system-out>
  </testcase>
</testsuite>